0 info it worked if it ends with ok
1 verbose cli [ '/usr/local/bin/node', '/usr/local/bin/npm', 'run', 'build' ]
2 info using npm@4.1.2
3 info using node@v7.5.0
4 verbose run-script [ 'prebuild', 'build', 'postbuild' ]
5 info lifecycle react_test@1.0.0~prebuild: react_test@1.0.0
6 silly lifecycle react_test@1.0.0~prebuild: no script for prebuild, continuing
7 info lifecycle react_test@1.0.0~build: react_test@1.0.0
8 verbose lifecycle react_test@1.0.0~build: unsafe-perm in lifecycle true
9 verbose lifecycle react_test@1.0.0~build: PATH: /usr/local/lib/node_modules/npm/bin/node-gyp-bin:/Users/svegin/my_app/react_test/node_modules/.bin:/opt/local/bin:/opt/local/sbin:/Library/Frameworks/Python.framework/Versions/3.5/bin:/usr/local/bin:/usr/bin:/bin:/usr/sbin:/sbin:/usr/local/go/bin
10 verbose lifecycle react_test@1.0.0~build: CWD: /Users/svegin/my_app/react_test
11 silly lifecycle react_test@1.0.0~build: Args: [ '-c',
11 silly lifecycle   'watvhify src/app.js -o public/bundle.js -t [ babelify --presets [ react es2015]]' ]
12 info lifecycle react_test@1.0.0~build: Failed to exec build script
13 verbose stack Error: react_test@1.0.0 build: `watvhify src/app.js -o public/bundle.js -t [ babelify --presets [ react es2015]]`
13 verbose stack spawn ENOENT
13 verbose stack     at ChildProcess.<anonymous> (/usr/local/lib/node_modules/npm/lib/utils/spawn.js:33:16)
13 verbose stack     at emitTwo (events.js:106:13)
13 verbose stack     at ChildProcess.emit (events.js:192:7)
13 verbose stack     at maybeClose (internal/child_process.js:890:16)
13 verbose stack     at Process.ChildProcess._handle.onexit (internal/child_process.js:226:5)
14 verbose pkgid react_test@1.0.0
15 verbose cwd /Users/svegin/my_app/react_test
16 error Darwin 16.4.0
17 error argv "/usr/local/bin/node" "/usr/local/bin/npm" "run" "build"
18 error node v7.5.0
19 error npm  v4.1.2
20 error file sh
21 error code ELIFECYCLE
22 error errno ENOENT
23 error syscall spawn
24 error react_test@1.0.0 build: `watvhify src/app.js -o public/bundle.js -t [ babelify --presets [ react es2015]]`
24 error spawn ENOENT
25 error Failed at the react_test@1.0.0 build script 'watvhify src/app.js -o public/bundle.js -t [ babelify --presets [ react es2015]]'.
25 error Make sure you have the latest version of node.js and npm installed.
25 error If you do, this is most likely a problem with the react_test package,
25 error not with npm itself.
25 error Tell the author that this fails on your system:
25 error     watvhify src/app.js -o public/bundle.js -t [ babelify --presets [ react es2015]]
25 error You can get information on how to open an issue for this project with:
25 error     npm bugs react_test
25 error Or if that isn't available, you can get their info via:
25 error     npm owner ls react_test
25 error There is likely additional logging output above.
26 verbose exit [ 1, true ]
